<?xml version="1.0" encoding="UTF-8"?>
<!-- Generated by org.testng.reporters.JUnitReportReporter -->
<testsuite hostname="surface" failures="0" tests="8" name="com.sonichollow.forum.service.PostServiceTests" time="112.429" errors="0" timestamp="2022-05-22T03:56:36 CST" skipped="0">
  <testcase classname="com.sonichollow.forum.service.PostServiceTests" name="testClickLikes" time="13.869"/>
  <system-out/>
  <testcase classname="com.sonichollow.forum.service.PostServiceTests" name="testGetCount" time="13.760"/>
  <system-out/>
  <testcase classname="com.sonichollow.forum.service.PostServiceTests" name="testString" time="14.441"/>
  <system-out/>
  <testcase classname="com.sonichollow.forum.service.PostServiceTests" name="testSavePost" time="13.979"/>
  <system-out/>
  <testcase classname="com.sonichollow.forum.service.PostServiceTests" name="testHash" time="14.269"/>
  <system-out/>
  <testcase classname="com.sonichollow.forum.service.PostServiceTests" name="testGetPostByPid" time="14.125"/>
  <system-out/>
  <testcase classname="com.sonichollow.forum.service.PostServiceTests" name="testPublish" time="14.379"/>
  <system-out/>
  <testcase classname="com.sonichollow.forum.service.PostServiceTests" name="testLikeStatus" time="13.607"/>
  <system-out/>
</testsuite> <!-- com.sonichollow.forum.service.PostServiceTests -->
