<?xml version="1.0" encoding="UTF-8"?>
<!-- Generated by org.testng.reporters.JUnitReportReporter -->
<testsuite hostname="surface" failures="0" tests="8" name="com.sonichollow.forum.service.PostServiceTests" time="117.362" errors="0" timestamp="2022-05-22T04:44:53 CST" skipped="0">
  <testcase classname="com.sonichollow.forum.service.PostServiceTests" name="testGetCount" time="14.345"/>
  <system-out/>
  <testcase classname="com.sonichollow.forum.service.PostServiceTests" name="testPublish" time="14.998"/>
  <system-out/>
  <testcase classname="com.sonichollow.forum.service.PostServiceTests" name="testHash" time="14.885"/>
  <system-out/>
  <testcase classname="com.sonichollow.forum.service.PostServiceTests" name="testLikeStatus" time="14.214"/>
  <system-out/>
  <testcase classname="com.sonichollow.forum.service.PostServiceTests" name="testSavePost" time="14.599"/>
  <system-out/>
  <testcase classname="com.sonichollow.forum.service.PostServiceTests" name="testClickLikes" time="14.485"/>
  <system-out/>
  <testcase classname="com.sonichollow.forum.service.PostServiceTests" name="testGetPostByPid" time="14.776"/>
  <system-out/>
  <testcase classname="com.sonichollow.forum.service.PostServiceTests" name="testString" time="15.060"/>
  <system-out/>
</testsuite> <!-- com.sonichollow.forum.service.PostServiceTests -->
